Arguments: 
  /data/data/com.termux/files/usr/bin/node /data/data/com.termux/files/usr/share/yarn/bin/yarn.js add node-sass

PATH: 
  /data/data/com.termux/files/usr/bin:/data/data/com.termux/files/usr/bin/applets

Yarn version: 
  1.22.4

Node version: 
  13.0.0

Platform: 
  android arm64

Trace: 
  Error: EPERM: operation not permitted, symlink '../../../../browserslist/cli.js' -> '/storage/emulated/0/projects/offer/offer/client/node_modules/@babel/compat-data/node_modules/.bin/browserslist'

npm manifest: 
  {
    "name": "eshop",
    "version": "0.1.0",
    "private": true,
    "dependencies": {
      "@testing-library/jest-dom": "^4.2.4",
      "@testing-library/react": "^9.5.0",
      "@testing-library/user-event": "^7.2.1",
      "axios": "^0.19.2",
      "react": "^16.13.1",
      "react-dom": "^16.13.1",
      "react-facebook-login": "^4.1.1",
      "react-google-login": "^5.1.20",
      "react-redux": "^7.2.0",
      "react-router-dom": "^5.1.2",
      "react-scripts": "3.4.1",
      "redux": "^4.0.5",
      "redux-form": "^8.3.5",
      "redux-persist": "^6.0.0",
      "redux-thunk": "^2.3.0"
    },
    "scripts": {
      "start": "react-scripts start",
      "roid": "node node_modules/react-scripts/scripts/start.js",
      "mon": "nodemon --exec 'npm roid -s'",
      "close-termux": "lsof -i tcp:3000",
      "build": "react-scripts build",
      "test": "react-scripts test",
      "eject": "react-scripts eject"
    },
    "eslintConfig": {
      "extends": "react-app"
    },
    "browserslist": {
      "production": [
        ">0.2%",
        "not dead",
        "not op_mini all"
      ],
      "development": [
        "last 1 chrome version",
        "last 1 firefox version",
        "last 1 safari version"
      ]
    }
  }

yarn manifest: 
  No manifest

Lockfile: 
  No lockfile
